//===========================================================
	Trying to load DB...
	DB was loaded!
//===========================================================
	Trying to load XML...
	Trying to load XML...
	XML file was loaded!
פבר 14, 2017 12:16:38 PM init.XMLManager importXML
SEVERE: null
java.io.FileNotFoundException: C:\Users\Shai Gutman\workspace\SessionsInTheRoom\sources\MuzaMusic_Shows.xml (The system cannot find the path specified)
	at java.io.FileInputStream.open(Native Method)
	at java.io.FileInputStream.<init>(FileInputStream.java:146)
	at java.io.FileInputStream.<init>(FileInputStream.java:101)
	at sun.net.www.protocol.file.FileURLConnection.connect(FileURLConnection.java:90)
	at sun.net.www.protocol.file.FileURLConnection.getInputStream(FileURLConnection.java:188)
	at com.sun.org.apache.xerces.internal.impl.XMLEntityManager.setupCurrentEntity(XMLEntityManager.java:619)
	at com.sun.org.apache.xerces.internal.impl.XMLVersionDetector.determineDocVersion(XMLVersionDetector.java:189)
	at com.sun.org.apache.xerces.internal.parsers.XML11Configuration.parse(XML11Configuration.java:812)
	at com.sun.org.apache.xerces.internal.parsers.XML11Configuration.parse(XML11Configuration.java:777)
	at com.sun.org.apache.xerces.internal.parsers.XMLParser.parse(XMLParser.java:141)
	at com.sun.org.apache.xerces.internal.parsers.DOMParser.parse(DOMParser.java:243)
	at com.sun.org.apache.xerces.internal.jaxp.DocumentBuilderImpl.parse(DocumentBuilderImpl.java:347)
	at javax.xml.parsers.DocumentBuilder.parse(DocumentBuilder.java:205)
	at init.XMLManager.importXML(XMLManager.java:37)
	at init.MainClass.main(MainClass.java:32)

//===========================================================
	Connected user ID: 123abc
	Connected users's shows:
		Thu Jan 26 00:00:00 IST 2017
